This file contains any messages produced by compilers while
running configure, to aid debugging if configure makes a mistake.

It was created by libffi configure 3.4.6, which was
generated by GNU Autoconf 2.71.  Invocation command line was

  $ ./configure --host=wasm32-unknown-linux --prefix=/home/runner/work/PyJASM/PyJASM/cpython/cross-build/wasm32-emscripten/prefix --enable-static --disable-shared --disable-dependency-tracking --disable-builddir --disable-multi-os-directory --disable-raw-api --disable-docs

## --------- ##
## Platform. ##
## --------- ##

hostname = fv-az2241-868
uname -m = x86_64
uname -r = 6.11.0-1015-azure
uname -s = Linux
uname -v = #15~24.04.1-Ubuntu SMP Thu May  1 02:52:08 UTC 2025

/usr/bin/uname -p = x86_64
/bin/uname -X     = unknown

/bin/arch              = x86_64
/usr/bin/arch -k       = unknown
/usr/convex/getsysinfo = unknown
/usr/bin/hostinfo      = unknown
/bin/machine           = unknown
/usr/bin/oslevel       = unknown
/bin/universe          = unknown

PATH: /home/runner/work/PyJASM/PyJASM/emsdk/upstream/emscripten/cache/sysroot/bin/
PATH: /home/runner/work/PyJASM/PyJASM/cpython/.venv/bin/
PATH: /home/runner/work/PyJASM/PyJASM/emsdk/
PATH: /home/runner/work/PyJASM/PyJASM/emsdk/upstream/emscripten/
PATH: /opt/hostedtoolcache/Python/3.13.3/x64/bin/
PATH: /opt/hostedtoolcache/Python/3.13.3/x64/
PATH: /snap/bin/
PATH: /home/runner/.local/bin/
PATH: /opt/pipx_bin/
PATH: /home/runner/.cargo/bin/
PATH: /home/runner/.config/composer/vendor/bin/
PATH: /usr/local/.ghcup/bin/
PATH: /home/runner/.dotnet/tools/
PATH: /usr/local/sbin/
PATH: /usr/local/bin/
PATH: /usr/sbin/
PATH: /usr/bin/
PATH: /sbin/
PATH: /bin/
PATH: /usr/games/
PATH: /usr/local/games/


## ----------- ##
## Core tests. ##
## ----------- ##

configure:3015: looking for aux files: ltmain.sh compile missing install-sh config.guess config.sub
configure:3028:  trying ./
configure:3057:   ./ltmain.sh found
configure:3057:   ./compile found
configure:3057:   ./missing found
configure:3039:   ./install-sh found
configure:3057:   ./config.guess found
configure:3057:   ./config.sub found
configure:3178: checking build system type
configure:3193: result: x86_64-pc-linux-gnu
configure:3213: checking host system type
configure:3227: result: wasm32-unknown-linux-gnu
configure:3247: checking target system type
configure:3261: result: wasm32-unknown-linux-gnu
configure:3359: checking for gsed
configure:3395: result: sed
configure:3424: checking for a BSD-compatible install
configure:3497: result: /usr/bin/install -c
configure:3508: checking whether build environment is sane
configure:3563: result: yes
configure:3615: checking for wasm32-unknown-linux-strip
configure:3650: result: no
configure:3660: checking for strip
configure:3681: found /usr/bin/strip
configure:3692: result: strip
configure:3718: checking for a race-free mkdir -p
configure:3762: result: /usr/bin/mkdir -p
configure:3769: checking for gawk
configure:3790: found /usr/bin/gawk
configure:3801: result: gawk
configure:3812: checking whether make sets $(MAKE)
configure:3835: result: yes
configure:3865: checking whether make supports nested variables
configure:3883: result: yes
configure:4047: checking for wasm32-unknown-linux-gcc
configure:4079: result: /home/runner/work/PyJASM/PyJASM/emsdk/upstream/emscripten/emcc
configure:4477: checking for C compiler version
configure:4486: /home/runner/work/PyJASM/PyJASM/emsdk/upstream/emscripten/emcc --version >&5
emcc (Emscripten gcc/clang-like replacement + linker emulating GNU ld) 4.0.9 (bbf1caa6e24f64fca9eb6a13a9e02d3f42123e77)
Copyright (C) 2025 the Emscripten authors (see AUTHORS.txt)
This is free and open source software under the MIT license.
There is NO warranty; not even for MERCHANTABILITY or FITNESS FOR A PARTICULAR PURPOSE.

shared:INFO: (Emscripten: Running sanity checks)
configure:4497: $? = 0
configure:4486: /home/runner/work/PyJASM/PyJASM/emsdk/upstream/emscripten/emcc -v >&5
emcc (Emscripten gcc/clang-like replacement + linker emulating GNU ld) 4.0.9 (bbf1caa6e24f64fca9eb6a13a9e02d3f42123e77)
clang version 21.0.0git (https:/github.com/llvm/llvm-project 2f05451198e2f222ec66cec4892ada0509519290)
Target: wasm32-unknown-emscripten
Thread model: posix
InstalledDir: /home/runner/work/PyJASM/PyJASM/emsdk/upstream/bin
configure:4497: $? = 0
configure:4486: /home/runner/work/PyJASM/PyJASM/emsdk/upstream/emscripten/emcc -V >&5
emcc: error: no input files
configure:4497: $? = 1
configure:4486: /home/runner/work/PyJASM/PyJASM/emsdk/upstream/emscripten/emcc -qversion >&5
emcc: error: no input files
configure:4497: $? = 1
configure:4486: /home/runner/work/PyJASM/PyJASM/emsdk/upstream/emscripten/emcc -version >&5
emcc: error: no input files
configure:4497: $? = 1
configure:4517: checking whether the C compiler works
configure:4539: /home/runner/work/PyJASM/PyJASM/emsdk/upstream/emscripten/emcc -O2 -fPIC -DWASM_BIGINT   conftest.c  >&5
configure:4543: $? = 0
configure:4593: result: yes
configure:4596: checking for C compiler default output file name
configure:4598: result: a.out
configure:4604: checking for suffix of executables
configure:4611: /home/runner/work/PyJASM/PyJASM/emsdk/upstream/emscripten/emcc -o conftest -O2 -fPIC -DWASM_BIGINT   conftest.c  >&5
configure:4615: $? = 0
configure:4638: result: 
configure:4660: checking whether we are cross compiling
configure:4668: /home/runner/work/PyJASM/PyJASM/emsdk/upstream/emscripten/emcc -o conftest -O2 -fPIC -DWASM_BIGINT   conftest.c  >&5
configure:4672: $? = 0
configure:4679: ./conftest
configure:4683: $? = 0
configure:4698: result: no
configure:4703: checking for suffix of object files
configure:4726: /home/runner/work/PyJASM/PyJASM/emsdk/upstream/emscripten/emcc -c -O2 -fPIC -DWASM_BIGINT  conftest.c >&5
configure:4730: $? = 0
configure:4752: result: o
configure:4756: checking whether the compiler supports GNU C
configure:4776: /home/runner/work/PyJASM/PyJASM/emsdk/upstream/emscripten/emcc -c -O2 -fPIC -DWASM_BIGINT  conftest.c >&5
configure:4776: $? = 0
configure:4786: result: yes
configure:4797: checking whether /home/runner/work/PyJASM/PyJASM/emsdk/upstream/emscripten/emcc accepts -g
configure:4818: /home/runner/work/PyJASM/PyJASM/emsdk/upstream/emscripten/emcc -c -g  conftest.c >&5
configure:4818: $? = 0
configure:4862: result: yes
configure:4882: checking for /home/runner/work/PyJASM/PyJASM/emsdk/upstream/emscripten/emcc option to enable C11 features
configure:4897: /home/runner/work/PyJASM/PyJASM/emsdk/upstream/emscripten/emcc  -c -O2 -fPIC -DWASM_BIGINT  conftest.c >&5
conftest.c:25:14: warning: a function definition without a prototype is deprecated in all versions of C and is not supported in C23 [-Wdeprecated-non-prototype]
   25 | static char *e (p, i)
      |              ^
1 warning generated.
configure:4897: $? = 0
configure:4915: result: none needed
configure:5031: checking whether /home/runner/work/PyJASM/PyJASM/emsdk/upstream/emscripten/emcc understands -c and -o together
configure:5054: /home/runner/work/PyJASM/PyJASM/emsdk/upstream/emscripten/emcc -c conftest.c -o conftest2.o
configure:5057: $? = 0
configure:5054: /home/runner/work/PyJASM/PyJASM/emsdk/upstream/emscripten/emcc -c conftest.c -o conftest2.o
configure:5057: $? = 0
configure:5069: result: yes
configure:5089: checking whether make supports the include directive
configure:5104: make -f confmf.GNU && cat confinc.out
this is the am__doit target
configure:5107: $? = 0
configure:5126: result: yes (GNU style)
configure:5152: checking dependency style of /home/runner/work/PyJASM/PyJASM/emsdk/upstream/emscripten/emcc
configure:5264: result: none
configure:5407: checking for C++ compiler version
configure:5416: /home/runner/work/PyJASM/PyJASM/emsdk/upstream/emscripten/em++ --version >&5
emcc (Emscripten gcc/clang-like replacement + linker emulating GNU ld) 4.0.9 (bbf1caa6e24f64fca9eb6a13a9e02d3f42123e77)
Copyright (C) 2025 the Emscripten authors (see AUTHORS.txt)
This is free and open source software under the MIT license.
There is NO warranty; not even for MERCHANTABILITY or FITNESS FOR A PARTICULAR PURPOSE.

configure:5427: $? = 0
configure:5416: /home/runner/work/PyJASM/PyJASM/emsdk/upstream/emscripten/em++ -v >&5
emcc (Emscripten gcc/clang-like replacement + linker emulating GNU ld) 4.0.9 (bbf1caa6e24f64fca9eb6a13a9e02d3f42123e77)
clang version 21.0.0git (https:/github.com/llvm/llvm-project 2f05451198e2f222ec66cec4892ada0509519290)
Target: wasm32-unknown-emscripten
Thread model: posix
InstalledDir: /home/runner/work/PyJASM/PyJASM/emsdk/upstream/bin
configure:5427: $? = 0
configure:5416: /home/runner/work/PyJASM/PyJASM/emsdk/upstream/emscripten/em++ -V >&5
em++: error: no input files
configure:5427: $? = 1
configure:5416: /home/runner/work/PyJASM/PyJASM/emsdk/upstream/emscripten/em++ -qversion >&5
em++: error: no input files
configure:5427: $? = 1
configure:5431: checking whether the compiler supports GNU C++
configure:5451: /home/runner/work/PyJASM/PyJASM/emsdk/upstream/emscripten/em++ -c -O2 -fPIC -DWASM_BIGINT  conftest.cpp >&5
configure:5451: $? = 0
configure:5461: result: yes
configure:5472: checking whether /home/runner/work/PyJASM/PyJASM/emsdk/upstream/emscripten/em++ accepts -g
configure:5493: /home/runner/work/PyJASM/PyJASM/emsdk/upstream/emscripten/em++ -c -g  conftest.cpp >&5
configure:5493: $? = 0
configure:5537: result: yes
configure:5557: checking for /home/runner/work/PyJASM/PyJASM/emsdk/upstream/emscripten/em++ option to enable C++11 features
configure:5572: /home/runner/work/PyJASM/PyJASM/emsdk/upstream/emscripten/em++  -c -O2 -fPIC -DWASM_BIGINT  conftest.cpp >&5
conftest.cpp:177:25: warning: empty parentheses interpreted as a function declaration [-Wvexing-parse]
  177 |   cxx11test::delegate d2();
      |                         ^~
conftest.cpp:177:25: note: remove parentheses to declare a variable
  177 |   cxx11test::delegate d2();
      |                         ^~
1 warning generated.
configure:5572: $? = 0
configure:5590: result: none needed
configure:5656: checking dependency style of /home/runner/work/PyJASM/PyJASM/emsdk/upstream/emscripten/em++
configure:5768: result: none
configure:5798: checking dependency style of /home/runner/work/PyJASM/PyJASM/emsdk/upstream/emscripten/emcc
configure:5908: result: none
configure:5924: checking for grep that handles long lines and -e
configure:5988: result: /usr/bin/grep
configure:5993: checking for egrep
configure:6061: result: /usr/bin/grep -E
configure:6113: checking how to print strings
configure:6140: result: printf
configure:6161: checking for a sed that does not truncate output
configure:6231: result: /usr/bin/sed
configure:6249: checking for fgrep
configure:6317: result: /usr/bin/grep -F
configure:6353: checking for ld used by /home/runner/work/PyJASM/PyJASM/emsdk/upstream/emscripten/emcc
emcc: error: no input files
configure:6421: result: /home/runner/work/PyJASM/PyJASM/emsdk/upstream/emscripten/emcc
configure:6428: checking if the linker (/home/runner/work/PyJASM/PyJASM/emsdk/upstream/emscripten/emcc) is GNU ld
configure:6444: result: yes
configure:6456: checking for BSD- or MS-compatible name lister (nm)
configure:6511: result: /home/runner/work/PyJASM/PyJASM/emsdk/upstream/bin/llvm-nm
configure:6651: checking the name lister (/home/runner/work/PyJASM/PyJASM/emsdk/upstream/bin/llvm-nm) interface
configure:6659: /home/runner/work/PyJASM/PyJASM/emsdk/upstream/emscripten/emcc -c -O2 -fPIC -DWASM_BIGINT  conftest.c >&5
configure:6662: /home/runner/work/PyJASM/PyJASM/emsdk/upstream/bin/llvm-nm "conftest.o"
configure:6665: output
00000000 D some_variable
configure:6672: result: BSD nm
configure:6675: checking whether ln -s works
configure:6679: result: yes
configure:6687: checking the maximum length of command line arguments
configure:6819: result: 3145728
configure:6867: checking how to convert x86_64-pc-linux-gnu file names to wasm32-unknown-linux-gnu format
configure:6908: result: func_convert_file_noop
configure:6915: checking how to convert x86_64-pc-linux-gnu file names to toolchain format
configure:6936: result: func_convert_file_noop
configure:6943: checking for /home/runner/work/PyJASM/PyJASM/emsdk/upstream/emscripten/emcc option to reload object files
configure:6951: result: -r
configure:6985: checking for wasm32-unknown-linux-file
configure:7020: result: no
configure:7030: checking for file
configure:7051: found /usr/bin/file
configure:7062: result: file
configure:7093: checking for wasm32-unknown-linux-objdump
configure:7128: result: no
configure:7138: checking for objdump
configure:7159: found /usr/bin/objdump
configure:7170: result: objdump
configure:7202: checking how to recognize dependent libraries
configure:7403: result: pass_all
configure:7448: checking for wasm32-unknown-linux-dlltool
configure:7483: result: no
configure:7493: checking for dlltool
configure:7528: result: no
configure:7558: checking how to associate runtime and link libraries
configure:7586: result: printf %s\n
configure:7603: checking for wasm32-unknown-linux-ar
configure:7635: result: /home/runner/work/PyJASM/PyJASM/emsdk/upstream/emscripten/emar
configure:7737: checking for archiver @FILE support
configure:7755: /home/runner/work/PyJASM/PyJASM/emsdk/upstream/emscripten/emcc -c -O2 -fPIC -DWASM_BIGINT  conftest.c >&5
configure:7755: $? = 0
configure:7759: /home/runner/work/PyJASM/PyJASM/emsdk/upstream/emscripten/emar cr libconftest.a @conftest.lst >&5
configure:7762: $? = 0
configure:7767: /home/runner/work/PyJASM/PyJASM/emsdk/upstream/emscripten/emar cr libconftest.a @conftest.lst >&5
/home/runner/work/PyJASM/PyJASM/emsdk/upstream/bin/llvm-ar: error: conftest.o: No such file or directory
configure:7770: $? = 1
configure:7782: result: @
configure:7800: checking for wasm32-unknown-linux-strip
configure:7832: result: strip
configure:7909: checking for wasm32-unknown-linux-ranlib
configure:7941: result: /home/runner/work/PyJASM/PyJASM/emsdk/upstream/emscripten/emranlib
configure:8088: checking command to parse /home/runner/work/PyJASM/PyJASM/emsdk/upstream/bin/llvm-nm output from /home/runner/work/PyJASM/PyJASM/emsdk/upstream/emscripten/emcc object
configure:8242: /home/runner/work/PyJASM/PyJASM/emsdk/upstream/emscripten/emcc -c -O2 -fPIC -DWASM_BIGINT  conftest.c >&5
configure:8245: $? = 0
configure:8249: /home/runner/work/PyJASM/PyJASM/emsdk/upstream/bin/llvm-nm conftest.o \| /usr/bin/sed -n -e 's/^.*[ ]\([ABCDGIRSTW][ABCDGIRSTW]*\)[ ][ ]*\([_A-Za-z][_A-Za-z0-9]*\)$/\1 \2 \2/p' | /usr/bin/sed '/ __gnu_lto/d' \> conftest.nm
configure:8252: $? = 0
configure:8318: /home/runner/work/PyJASM/PyJASM/emsdk/upstream/emscripten/emcc -o conftest -O2 -fPIC -DWASM_BIGINT   conftest.c conftstm.o >&5
configure:8321: $? = 0
configure:8359: result: ok
configure:8406: checking for sysroot
configure:8437: result: no
configure:8444: checking for a working dd
configure:8488: result: /usr/bin/dd
configure:8492: checking how to truncate binary pipes
configure:8508: result: /usr/bin/dd bs=4096 count=1
configure:8800: checking for wasm32-unknown-linux-mt
configure:8835: result: no
configure:8845: checking for mt
configure:8866: found /usr/bin/mt
configure:8877: result: mt
configure:8900: checking if mt is a manifest tool
configure:8907: mt '-?'
configure:8915: result: no
configure:9640: checking for stdio.h
configure:9640: /home/runner/work/PyJASM/PyJASM/emsdk/upstream/emscripten/emcc -c -O2 -fPIC -DWASM_BIGINT  conftest.c >&5
configure:9640: $? = 0
configure:9640: result: yes
configure:9640: checking for stdlib.h
configure:9640: /home/runner/work/PyJASM/PyJASM/emsdk/upstream/emscripten/emcc -c -O2 -fPIC -DWASM_BIGINT  conftest.c >&5
configure:9640: $? = 0
configure:9640: result: yes
configure:9640: checking for string.h
configure:9640: /home/runner/work/PyJASM/PyJASM/emsdk/upstream/emscripten/emcc -c -O2 -fPIC -DWASM_BIGINT  conftest.c >&5
configure:9640: $? = 0
configure:9640: result: yes
configure:9640: checking for inttypes.h
configure:9640: /home/runner/work/PyJASM/PyJASM/emsdk/upstream/emscripten/emcc -c -O2 -fPIC -DWASM_BIGINT  conftest.c >&5
configure:9640: $? = 0
configure:9640: result: yes
configure:9640: checking for stdint.h
configure:9640: /home/runner/work/PyJASM/PyJASM/emsdk/upstream/emscripten/emcc -c -O2 -fPIC -DWASM_BIGINT  conftest.c >&5
configure:9640: $? = 0
configure:9640: result: yes
configure:9640: checking for strings.h
configure:9640: /home/runner/work/PyJASM/PyJASM/emsdk/upstream/emscripten/emcc -c -O2 -fPIC -DWASM_BIGINT  conftest.c >&5
configure:9640: $? = 0
configure:9640: result: yes
configure:9640: checking for sys/stat.h
configure:9640: /home/runner/work/PyJASM/PyJASM/emsdk/upstream/emscripten/emcc -c -O2 -fPIC -DWASM_BIGINT  conftest.c >&5
configure:9640: $? = 0
configure:9640: result: yes
configure:9640: checking for sys/types.h
configure:9640: /home/runner/work/PyJASM/PyJASM/emsdk/upstream/emscripten/emcc -c -O2 -fPIC -DWASM_BIGINT  conftest.c >&5
configure:9640: $? = 0
configure:9640: result: yes
configure:9640: checking for unistd.h
configure:9640: /home/runner/work/PyJASM/PyJASM/emsdk/upstream/emscripten/emcc -c -O2 -fPIC -DWASM_BIGINT  conftest.c >&5
configure:9640: $? = 0
configure:9640: result: yes
configure:9665: checking for dlfcn.h
configure:9665: /home/runner/work/PyJASM/PyJASM/emsdk/upstream/emscripten/emcc -c -O2 -fPIC -DWASM_BIGINT  conftest.c >&5
configure:9665: $? = 0
configure:9665: result: yes
configure:9935: checking for objdir
configure:9951: result: .libs
configure:10215: checking if /home/runner/work/PyJASM/PyJASM/emsdk/upstream/emscripten/emcc supports -fno-rtti -fno-exceptions
configure:10234: /home/runner/work/PyJASM/PyJASM/emsdk/upstream/emscripten/emcc -c -O2 -fPIC -DWASM_BIGINT  -fno-rtti -fno-exceptions conftest.c >&5
configure:10238: $? = 0
configure:10251: result: yes
configure:10609: checking for /home/runner/work/PyJASM/PyJASM/emsdk/upstream/emscripten/emcc option to produce PIC
configure:10617: result: -fPIC -DPIC
configure:10625: checking if /home/runner/work/PyJASM/PyJASM/emsdk/upstream/emscripten/emcc PIC flag -fPIC -DPIC works
configure:10644: /home/runner/work/PyJASM/PyJASM/emsdk/upstream/emscripten/emcc -c -O2 -fPIC -DWASM_BIGINT  -fPIC -DPIC -DPIC conftest.c >&5
configure:10648: $? = 0
configure:10661: result: yes
configure:10690: checking if /home/runner/work/PyJASM/PyJASM/emsdk/upstream/emscripten/emcc static flag -static works
configure:10719: result: yes
configure:10734: checking if /home/runner/work/PyJASM/PyJASM/emsdk/upstream/emscripten/emcc supports -c -o file.o
configure:10756: /home/runner/work/PyJASM/PyJASM/emsdk/upstream/emscripten/emcc -c -O2 -fPIC -DWASM_BIGINT  -o out/conftest2.o conftest.c >&5
configure:10760: $? = 0
configure:10782: result: yes
configure:10790: checking if /home/runner/work/PyJASM/PyJASM/emsdk/upstream/emscripten/emcc supports -c -o file.o
configure:10838: result: yes
configure:10871: checking whether the /home/runner/work/PyJASM/PyJASM/emsdk/upstream/emscripten/emcc linker (/home/runner/work/PyJASM/PyJASM/emsdk/upstream/emscripten/emcc) supports shared libraries
configure:12139: result: yes
configure:12380: checking dynamic linker characteristics
configure:12962: /home/runner/work/PyJASM/PyJASM/emsdk/upstream/emscripten/emcc -o conftest -O2 -fPIC -DWASM_BIGINT   -Wl,-rpath -Wl,/foo conftest.c  >&5
configure:12962: $? = 0
configure:13204: result: GNU/Linux ld.so
configure:13326: checking how to hardcode library paths into programs
configure:13351: result: immediate
configure:13903: checking whether stripping libraries is possible
configure:13912: result: yes
configure:13954: checking if libtool supports shared libraries
configure:13956: result: yes
configure:13959: checking whether to build shared libraries
configure:13984: result: no
configure:13987: checking whether to build static libraries
configure:13991: result: yes
configure:14014: checking how to run the C++ preprocessor
configure:14036: /home/runner/work/PyJASM/PyJASM/emsdk/upstream/emscripten/em++ -E  conftest.cpp
configure:14036: $? = 0
configure:14051: /home/runner/work/PyJASM/PyJASM/emsdk/upstream/emscripten/em++ -E  conftest.cpp
conftest.cpp:23:10: fatal error: 'ac_nonexistent.h' file not found
   23 | #include <ac_nonexistent.h>
      |          ^~~~~~~~~~~~~~~~~~
1 error generated.
configure:14051: $? = 1
configure: failed program was:
| /* confdefs.h */
| #define PACKAGE_NAME "libffi"
| #define PACKAGE_TARNAME "libffi"
| #define PACKAGE_VERSION "3.4.6"
| #define PACKAGE_STRING "libffi 3.4.6"
| #define PACKAGE_BUGREPORT "http://github.com/libffi/libffi/issues"
| #define PACKAGE_URL ""
| #define PACKAGE "libffi"
| #define VERSION "3.4.6"
| #define HAVE_STDIO_H 1
| #define HAVE_STDLIB_H 1
| #define HAVE_STRING_H 1
| #define HAVE_INTTYPES_H 1
| #define HAVE_STDINT_H 1
| #define HAVE_STRINGS_H 1
| #define HAVE_SYS_STAT_H 1
| #define HAVE_SYS_TYPES_H 1
| #define HAVE_UNISTD_H 1
| #define STDC_HEADERS 1
| #define HAVE_DLFCN_H 1
| #define LT_OBJDIR ".libs/"
| /* end confdefs.h.  */
| #include <ac_nonexistent.h>
configure:14078: result: /home/runner/work/PyJASM/PyJASM/emsdk/upstream/emscripten/em++ -E
configure:14092: /home/runner/work/PyJASM/PyJASM/emsdk/upstream/emscripten/em++ -E  conftest.cpp
configure:14092: $? = 0
configure:14107: /home/runner/work/PyJASM/PyJASM/emsdk/upstream/emscripten/em++ -E  conftest.cpp
conftest.cpp:23:10: fatal error: 'ac_nonexistent.h' file not found
   23 | #include <ac_nonexistent.h>
      |          ^~~~~~~~~~~~~~~~~~
1 error generated.
configure:14107: $? = 1
configure: failed program was:
| /* confdefs.h */
| #define PACKAGE_NAME "libffi"
| #define PACKAGE_TARNAME "libffi"
| #define PACKAGE_VERSION "3.4.6"
| #define PACKAGE_STRING "libffi 3.4.6"
| #define PACKAGE_BUGREPORT "http://github.com/libffi/libffi/issues"
| #define PACKAGE_URL ""
| #define PACKAGE "libffi"
| #define VERSION "3.4.6"
| #define HAVE_STDIO_H 1
| #define HAVE_STDLIB_H 1
| #define HAVE_STRING_H 1
| #define HAVE_INTTYPES_H 1
| #define HAVE_STDINT_H 1
| #define HAVE_STRINGS_H 1
| #define HAVE_SYS_STAT_H 1
| #define HAVE_SYS_TYPES_H 1
| #define HAVE_UNISTD_H 1
| #define STDC_HEADERS 1
| #define HAVE_DLFCN_H 1
| #define LT_OBJDIR ".libs/"
| /* end confdefs.h.  */
| #include <ac_nonexistent.h>
configure:14272: checking for ld used by /home/runner/work/PyJASM/PyJASM/emsdk/upstream/emscripten/em++
em++: error: no input files
configure:14340: result: /home/runner/work/PyJASM/PyJASM/emsdk/upstream/emscripten/emcc
configure:14347: checking if the linker (/home/runner/work/PyJASM/PyJASM/emsdk/upstream/emscripten/emcc) is GNU ld
configure:14363: result: yes
configure:14418: checking whether the /home/runner/work/PyJASM/PyJASM/emsdk/upstream/emscripten/em++ linker (/home/runner/work/PyJASM/PyJASM/emsdk/upstream/emscripten/emcc) supports shared libraries
configure:15496: result: yes
configure:15532: /home/runner/work/PyJASM/PyJASM/emsdk/upstream/emscripten/em++ -c -O2 -fPIC -DWASM_BIGINT  conftest.cpp >&5
configure:15535: $? = 0
configure:16016: checking for /home/runner/work/PyJASM/PyJASM/emsdk/upstream/emscripten/em++ option to produce PIC
configure:16024: result: -fPIC -DPIC
configure:16032: checking if /home/runner/work/PyJASM/PyJASM/emsdk/upstream/emscripten/em++ PIC flag -fPIC -DPIC works
configure:16051: /home/runner/work/PyJASM/PyJASM/emsdk/upstream/emscripten/em++ -c -O2 -fPIC -DWASM_BIGINT  -fPIC -DPIC -DPIC conftest.cpp >&5
configure:16055: $? = 0
configure:16068: result: yes
configure:16091: checking if /home/runner/work/PyJASM/PyJASM/emsdk/upstream/emscripten/em++ static flag -static works
configure:16120: result: yes
configure:16132: checking if /home/runner/work/PyJASM/PyJASM/emsdk/upstream/emscripten/em++ supports -c -o file.o
configure:16154: /home/runner/work/PyJASM/PyJASM/emsdk/upstream/emscripten/em++ -c -O2 -fPIC -DWASM_BIGINT  -o out/conftest2.o conftest.cpp >&5
configure:16158: $? = 0
configure:16180: result: yes
configure:16185: checking if /home/runner/work/PyJASM/PyJASM/emsdk/upstream/emscripten/em++ supports -c -o file.o
configure:16233: result: yes
configure:16263: checking whether the /home/runner/work/PyJASM/PyJASM/emsdk/upstream/emscripten/em++ linker (/home/runner/work/PyJASM/PyJASM/emsdk/upstream/emscripten/emcc) supports shared libraries
configure:16303: result: yes
configure:16445: checking dynamic linker characteristics
configure:17196: result: GNU/Linux ld.so
configure:17261: checking how to hardcode library paths into programs
configure:17286: result: immediate
configure:17352: checking for wasm32-unknown-linux-readelf
configure:17387: result: no
configure:17397: checking for readelf
configure:17418: found /usr/bin/readelf
configure:17429: result: readelf
configure:17457: checking size of size_t
configure:17463: /home/runner/work/PyJASM/PyJASM/emsdk/upstream/emscripten/emcc -o conftest -O2 -fPIC -DWASM_BIGINT   conftest.c  >&5
configure:17463: $? = 0
configure:17463: ./conftest
configure:17463: $? = 0
configure:17478: result: 4
configure:17487: checking for C compiler vendor
configure:17546: /home/runner/work/PyJASM/PyJASM/emsdk/upstream/emscripten/emcc -c -O2 -fPIC -DWASM_BIGINT  conftest.c >&5
conftest.c:30:7: error: use of undeclared identifier 'thisisanerror'
   30 |       thisisanerror;
      |       ^~~~~~~~~~~~~
1 error generated.
configure:17546: $? = 1
configure: failed program was:
| /* confdefs.h */
| #define PACKAGE_NAME "libffi"
| #define PACKAGE_TARNAME "libffi"
| #define PACKAGE_VERSION "3.4.6"
| #define PACKAGE_STRING "libffi 3.4.6"
| #define PACKAGE_BUGREPORT "http://github.com/libffi/libffi/issues"
| #define PACKAGE_URL ""
| #define PACKAGE "libffi"
| #define VERSION "3.4.6"
| #define HAVE_STDIO_H 1
| #define HAVE_STDLIB_H 1
| #define HAVE_STRING_H 1
| #define HAVE_INTTYPES_H 1
| #define HAVE_STDINT_H 1
| #define HAVE_STRINGS_H 1
| #define HAVE_SYS_STAT_H 1
| #define HAVE_SYS_TYPES_H 1
| #define HAVE_UNISTD_H 1
| #define STDC_HEADERS 1
| #define HAVE_DLFCN_H 1
| #define LT_OBJDIR ".libs/"
| #define SIZEOF_SIZE_T 4
| /* end confdefs.h.  */
| 
| int
| main (void)
| {
| 
| #if !(defined(__ICC) || defined(__ECC) || defined(__INTEL_COMPILER))
|       thisisanerror;
| #endif
| 
|   ;
|   return 0;
| }
configure:17546: /home/runner/work/PyJASM/PyJASM/emsdk/upstream/emscripten/emcc -c -O2 -fPIC -DWASM_BIGINT  conftest.c >&5
conftest.c:30:7: error: use of undeclared identifier 'thisisanerror'
   30 |       thisisanerror;
      |       ^~~~~~~~~~~~~
1 error generated.
configure:17546: $? = 1
configure: failed program was:
| /* confdefs.h */
| #define PACKAGE_NAME "libffi"
| #define PACKAGE_TARNAME "libffi"
| #define PACKAGE_VERSION "3.4.6"
| #define PACKAGE_STRING "libffi 3.4.6"
| #define PACKAGE_BUGREPORT "http://github.com/libffi/libffi/issues"
| #define PACKAGE_URL ""
| #define PACKAGE "libffi"
| #define VERSION "3.4.6"
| #define HAVE_STDIO_H 1
| #define HAVE_STDLIB_H 1
| #define HAVE_STRING_H 1
| #define HAVE_INTTYPES_H 1
| #define HAVE_STDINT_H 1
| #define HAVE_STRINGS_H 1
| #define HAVE_SYS_STAT_H 1
| #define HAVE_SYS_TYPES_H 1
| #define HAVE_UNISTD_H 1
| #define STDC_HEADERS 1
| #define HAVE_DLFCN_H 1
| #define LT_OBJDIR ".libs/"
| #define SIZEOF_SIZE_T 4
| /* end confdefs.h.  */
| 
| int
| main (void)
| {
| 
| #if !(defined(__xlc__) || defined(__xlC__) || defined(__IBMC__) || defined(__IBMCPP__) || defined(__ibmxl__))
|       thisisanerror;
| #endif
| 
|   ;
|   return 0;
| }
configure:17546: /home/runner/work/PyJASM/PyJASM/emsdk/upstream/emscripten/emcc -c -O2 -fPIC -DWASM_BIGINT  conftest.c >&5
conftest.c:30:7: error: use of undeclared identifier 'thisisanerror'
   30 |       thisisanerror;
      |       ^~~~~~~~~~~~~
1 error generated.
configure:17546: $? = 1
configure: failed program was:
| /* confdefs.h */
| #define PACKAGE_NAME "libffi"
| #define PACKAGE_TARNAME "libffi"
| #define PACKAGE_VERSION "3.4.6"
| #define PACKAGE_STRING "libffi 3.4.6"
| #define PACKAGE_BUGREPORT "http://github.com/libffi/libffi/issues"
| #define PACKAGE_URL ""
| #define PACKAGE "libffi"
| #define VERSION "3.4.6"
| #define HAVE_STDIO_H 1
| #define HAVE_STDLIB_H 1
| #define HAVE_STRING_H 1
| #define HAVE_INTTYPES_H 1
| #define HAVE_STDINT_H 1
| #define HAVE_STRINGS_H 1
| #define HAVE_SYS_STAT_H 1
| #define HAVE_SYS_TYPES_H 1
| #define HAVE_UNISTD_H 1
| #define STDC_HEADERS 1
| #define HAVE_DLFCN_H 1
| #define LT_OBJDIR ".libs/"
| #define SIZEOF_SIZE_T 4
| /* end confdefs.h.  */
| 
| int
| main (void)
| {
| 
| #if !(defined(__PATHCC__) || defined(__PATHSCALE__))
|       thisisanerror;
| #endif
| 
|   ;
|   return 0;
| }
configure:17546: /home/runner/work/PyJASM/PyJASM/emsdk/upstream/emscripten/emcc -c -O2 -fPIC -DWASM_BIGINT  conftest.c >&5
configure:17546: $? = 0
configure:17556: result: clang
configure:18447: checking CFLAGS for most reasonable warnings
configure:18534: : CFLAGS="$CFLAGS"
configure:18537: $? = 0
configure:18560: result: -Wall
configure:18583: checking whether to enable maintainer-specific portions of Makefiles
configure:18593: result: no
configure:18607: checking for sys/memfd.h
configure:18607: /home/runner/work/PyJASM/PyJASM/emsdk/upstream/emscripten/emcc -c -Wall -O2 -fPIC -DWASM_BIGINT -fexceptions  conftest.c >&5
conftest.c:52:10: fatal error: 'sys/memfd.h' file not found
   52 | #include <sys/memfd.h>
      |          ^~~~~~~~~~~~~
1 error generated.
configure:18607: $? = 1
configure: failed program was:
| /* confdefs.h */
| #define PACKAGE_NAME "libffi"
| #define PACKAGE_TARNAME "libffi"
| #define PACKAGE_VERSION "3.4.6"
| #define PACKAGE_STRING "libffi 3.4.6"
| #define PACKAGE_BUGREPORT "http://github.com/libffi/libffi/issues"
| #define PACKAGE_URL ""
| #define PACKAGE "libffi"
| #define VERSION "3.4.6"
| #define HAVE_STDIO_H 1
| #define HAVE_STDLIB_H 1
| #define HAVE_STRING_H 1
| #define HAVE_INTTYPES_H 1
| #define HAVE_STDINT_H 1
| #define HAVE_STRINGS_H 1
| #define HAVE_SYS_STAT_H 1
| #define HAVE_SYS_TYPES_H 1
| #define HAVE_UNISTD_H 1
| #define STDC_HEADERS 1
| #define HAVE_DLFCN_H 1
| #define LT_OBJDIR ".libs/"
| #define SIZEOF_SIZE_T 4
| /* end confdefs.h.  */
| #include <stddef.h>
| #ifdef HAVE_STDIO_H
| # include <stdio.h>
| #endif
| #ifdef HAVE_STDLIB_H
| # include <stdlib.h>
| #endif
| #ifdef HAVE_STRING_H
| # include <string.h>
| #endif
| #ifdef HAVE_INTTYPES_H
| # include <inttypes.h>
| #endif
| #ifdef HAVE_STDINT_H
| # include <stdint.h>
| #endif
| #ifdef HAVE_STRINGS_H
| # include <strings.h>
| #endif
| #ifdef HAVE_SYS_TYPES_H
| # include <sys/types.h>
| #endif
| #ifdef HAVE_SYS_STAT_H
| # include <sys/stat.h>
| #endif
| #ifdef HAVE_UNISTD_H
| # include <unistd.h>
| #endif
| #include <sys/memfd.h>
configure:18607: result: no
configure:18614: checking for memfd_create
configure:18614: /home/runner/work/PyJASM/PyJASM/emsdk/upstream/emscripten/emcc -o conftest -Wall -O2 -fPIC -DWASM_BIGINT -fexceptions   conftest.c  >&5
wasm-ld: error: /tmp/emscripten_temp_08qa2w0a/conftest_0.o: undefined symbol: memfd_create
emcc: error: '/home/runner/work/PyJASM/PyJASM/emsdk/upstream/bin/wasm-ld -o conftest.wasm /tmp/emscripten_temp_08qa2w0a/conftest_0.o -L/home/runner/work/PyJASM/PyJASM/emsdk/upstream/emscripten/cache/sysroot/lib/wasm32-emscripten -L/home/runner/work/PyJASM/PyJASM/emsdk/upstream/emscripten/src/lib -lGL-getprocaddr -lal -lhtml5 -lstubs -lc -ldlmalloc -lcompiler_rt -lc++ -lc++abi -lsockets -mllvm -combiner-global-alias-analysis=false -mllvm -enable-emscripten-cxx-exceptions -mllvm -enable-emscripten-sjlj -mllvm -disable-lsr /tmp/tmpb0zeke0ilibemscripten_js_symbols.so --strip-debug --export=_emscripten_stack_alloc --export=__funcs_on_exit --export=__cxa_can_catch --export=__cxa_increment_exception_refcount --export=__cxa_decrement_exception_refcount --export=setThrew --export=__cxa_free_exception --export=__wasm_call_ctors --export=emscripten_stack_get_current --export=_emscripten_stack_restore --export-if-defined=__start_em_asm --export-if-defined=__stop_em_asm --export-if-defined=__start_em_lib_deps --export-if-defined=__stop_em_lib_deps --export-if-defined=__start_em_js --export-if-defined=__stop_em_js --export-if-defined=main --export-if-defined=__main_argc_argv --export-if-defined=fflush --export-table -z stack-size=65536 --no-growable-memory --initial-heap=16777216 --no-entry --table-base=1 --global-base=1024' failed (returned 1)
configure:18614: $? = 1
configure: failed program was:
| /* confdefs.h */
| #define PACKAGE_NAME "libffi"
| #define PACKAGE_TARNAME "libffi"
| #define PACKAGE_VERSION "3.4.6"
| #define PACKAGE_STRING "libffi 3.4.6"
| #define PACKAGE_BUGREPORT "http://github.com/libffi/libffi/issues"
| #define PACKAGE_URL ""
| #define PACKAGE "libffi"
| #define VERSION "3.4.6"
| #define HAVE_STDIO_H 1
| #define HAVE_STDLIB_H 1
| #define HAVE_STRING_H 1
| #define HAVE_INTTYPES_H 1
| #define HAVE_STDINT_H 1
| #define HAVE_STRINGS_H 1
| #define HAVE_SYS_STAT_H 1
| #define HAVE_SYS_TYPES_H 1
| #define HAVE_UNISTD_H 1
| #define STDC_HEADERS 1
| #define HAVE_DLFCN_H 1
| #define LT_OBJDIR ".libs/"
| #define SIZEOF_SIZE_T 4
| /* end confdefs.h.  */
| /* Define memfd_create to an innocuous variant, in case <limits.h> declares memfd_create.
|    For example, HP-UX 11i <limits.h> declares gettimeofday.  */
| #define memfd_create innocuous_memfd_create
| 
| /* System header to define __stub macros and hopefully few prototypes,
|    which can conflict with char memfd_create (); below.  */
| 
| #include <limits.h>
| #undef memfd_create
| 
| /* Override any GCC internal prototype to avoid an error.
|    Use char because int might match the return type of a GCC
|    builtin and then its argument prototype would still apply.  */
| #ifdef __cplusplus
| extern "C"
| #endif
| char memfd_create ();
| /* The GNU C library defines this for functions which it implements
|     to always fail with ENOSYS.  Some functions are actually named
|     something starting with __ and the normal name is an alias.  */
| #if defined __stub_memfd_create || defined __stub___memfd_create
| choke me
| #endif
| 
| int
| main (void)
| {
| return memfd_create ();
|   ;
|   return 0;
| }
configure:18614: result: no
configure:18646: checking for egrep
configure:18714: result: /usr/bin/grep -E
configure:18720: checking for memcpy
configure:18720: /home/runner/work/PyJASM/PyJASM/emsdk/upstream/emscripten/emcc -o conftest -Wall -O2 -fPIC -DWASM_BIGINT -fexceptions   conftest.c  >&5
conftest.c:40:6: warning: incompatible redeclaration of library function 'memcpy' [-Wincompatible-library-redeclaration]
   40 | char memcpy ();
      |      ^
conftest.c:40:6: note: 'memcpy' is a builtin with type 'void *(void *, const void *, unsigned long)'
1 warning generated.
wasm-ld: warning: function signature mismatch: memcpy
>>> defined as () -> i32 in /tmp/emscripten_temp_aaq7y8p3/conftest_0.o
>>> defined as (i32, i32, i32) -> i32 in /home/runner/work/PyJASM/PyJASM/emsdk/upstream/emscripten/cache/sysroot/lib/wasm32-emscripten/libc.a(emscripten_memcpy.o)
configure:18720: $? = 0
configure:18720: result: yes
configure:18727: checking for alloca.h
configure:18727: /home/runner/work/PyJASM/PyJASM/emsdk/upstream/emscripten/emcc -c -Wall -O2 -fPIC -DWASM_BIGINT -fexceptions  conftest.c >&5
configure:18727: $? = 0
configure:18727: result: yes
configure:18739: checking size of double
configure:18745: /home/runner/work/PyJASM/PyJASM/emsdk/upstream/emscripten/emcc -o conftest -Wall -O2 -fPIC -DWASM_BIGINT -fexceptions   conftest.c  >&5
configure:18745: $? = 0
configure:18745: ./conftest
configure:18745: $? = 0
configure:18760: result: 8
configure:18772: checking size of long double
configure:18778: /home/runner/work/PyJASM/PyJASM/emsdk/upstream/emscripten/emcc -o conftest -Wall -O2 -fPIC -DWASM_BIGINT -fexceptions   conftest.c  >&5
configure:18778: $? = 0
configure:18778: ./conftest
configure:18778: $? = 0
configure:18793: result: 16
configure:18824: checking whether byte ordering is bigendian
configure:18840: /home/runner/work/PyJASM/PyJASM/emsdk/upstream/emscripten/emcc -c -Wall -O2 -fPIC -DWASM_BIGINT -fexceptions  conftest.c >&5
conftest.c:30:9: error: unknown type name 'not'
   30 |                not a universal capable compiler
      |                ^
conftest.c:30:14: error: expected ';' after top level declarator
   30 |                not a universal capable compiler
      |                     ^
      |                     ;
2 errors generated.
configure:18840: $? = 1
configure: failed program was:
| /* confdefs.h */
| #define PACKAGE_NAME "libffi"
| #define PACKAGE_TARNAME "libffi"
| #define PACKAGE_VERSION "3.4.6"
| #define PACKAGE_STRING "libffi 3.4.6"
| #define PACKAGE_BUGREPORT "http://github.com/libffi/libffi/issues"
| #define PACKAGE_URL ""
| #define PACKAGE "libffi"
| #define VERSION "3.4.6"
| #define HAVE_STDIO_H 1
| #define HAVE_STDLIB_H 1
| #define HAVE_STRING_H 1
| #define HAVE_INTTYPES_H 1
| #define HAVE_STDINT_H 1
| #define HAVE_STRINGS_H 1
| #define HAVE_SYS_STAT_H 1
| #define HAVE_SYS_TYPES_H 1
| #define HAVE_UNISTD_H 1
| #define STDC_HEADERS 1
| #define HAVE_DLFCN_H 1
| #define LT_OBJDIR ".libs/"
| #define SIZEOF_SIZE_T 4
| #define HAVE_MEMCPY 1
| #define HAVE_ALLOCA_H 1
| #define SIZEOF_DOUBLE 8
| #define SIZEOF_LONG_DOUBLE 16
| #define HAVE_LONG_DOUBLE 1
| /* end confdefs.h.  */
| #ifndef __APPLE_CC__
| 	       not a universal capable compiler
| 	     #endif
| 	     typedef int dummy;
| 
configure:18886: /home/runner/work/PyJASM/PyJASM/emsdk/upstream/emscripten/emcc -c -Wall -O2 -fPIC -DWASM_BIGINT -fexceptions  conftest.c >&5
configure:18886: $? = 0
configure:18905: /home/runner/work/PyJASM/PyJASM/emsdk/upstream/emscripten/emcc -c -Wall -O2 -fPIC -DWASM_BIGINT -fexceptions  conftest.c >&5
conftest.c:36:4: error: use of undeclared identifier 'not'
   36 |                  not big endian
      |                  ^~~
1 error generated.
configure:18905: $? = 1
configure: failed program was:
| /* confdefs.h */
| #define PACKAGE_NAME "libffi"
| #define PACKAGE_TARNAME "libffi"
| #define PACKAGE_VERSION "3.4.6"
| #define PACKAGE_STRING "libffi 3.4.6"
| #define PACKAGE_BUGREPORT "http://github.com/libffi/libffi/issues"
| #define PACKAGE_URL ""
| #define PACKAGE "libffi"
| #define VERSION "3.4.6"
| #define HAVE_STDIO_H 1
| #define HAVE_STDLIB_H 1
| #define HAVE_STRING_H 1
| #define HAVE_INTTYPES_H 1
| #define HAVE_STDINT_H 1
| #define HAVE_STRINGS_H 1
| #define HAVE_SYS_STAT_H 1
| #define HAVE_SYS_TYPES_H 1
| #define HAVE_UNISTD_H 1
| #define STDC_HEADERS 1
| #define HAVE_DLFCN_H 1
| #define LT_OBJDIR ".libs/"
| #define SIZEOF_SIZE_T 4
| #define HAVE_MEMCPY 1
| #define HAVE_ALLOCA_H 1
| #define SIZEOF_DOUBLE 8
| #define SIZEOF_LONG_DOUBLE 16
| #define HAVE_LONG_DOUBLE 1
| /* end confdefs.h.  */
| #include <sys/types.h>
| 		#include <sys/param.h>
| 
| int
| main (void)
| {
| #if BYTE_ORDER != BIG_ENDIAN
| 		 not big endian
| 		#endif
| 
|   ;
|   return 0;
| }
configure:19039: result: no
configure:19058: checking assembler .cfi pseudo-op support
configure:19077: /home/runner/work/PyJASM/PyJASM/emsdk/upstream/emscripten/emcc -c -Wall -O2 -fPIC -DWASM_BIGINT -fexceptions  conftest.c >&5
configure:19077: $? = 0
configure:19086: result: yes
configure:19227: checking whether compiler supports pointer authentication
configure:19256: /home/runner/work/PyJASM/PyJASM/emsdk/upstream/emscripten/emcc -c -Wall -O2 -fPIC -DWASM_BIGINT -fexceptions  conftest.c >&5
conftest.c:42:3: error: Pointer authentication not supported
   42 | # error Pointer authentication not supported
      |   ^
1 error generated.
configure:19256: $? = 1
configure: failed program was:
| /* confdefs.h */
| #define PACKAGE_NAME "libffi"
| #define PACKAGE_TARNAME "libffi"
| #define PACKAGE_VERSION "3.4.6"
| #define PACKAGE_STRING "libffi 3.4.6"
| #define PACKAGE_BUGREPORT "http://github.com/libffi/libffi/issues"
| #define PACKAGE_URL ""
| #define PACKAGE "libffi"
| #define VERSION "3.4.6"
| #define HAVE_STDIO_H 1
| #define HAVE_STDLIB_H 1
| #define HAVE_STRING_H 1
| #define HAVE_INTTYPES_H 1
| #define HAVE_STDINT_H 1
| #define HAVE_STRINGS_H 1
| #define HAVE_SYS_STAT_H 1
| #define HAVE_SYS_TYPES_H 1
| #define HAVE_UNISTD_H 1
| #define STDC_HEADERS 1
| #define HAVE_DLFCN_H 1
| #define LT_OBJDIR ".libs/"
| #define SIZEOF_SIZE_T 4
| #define HAVE_MEMCPY 1
| #define HAVE_ALLOCA_H 1
| #define SIZEOF_DOUBLE 8
| #define SIZEOF_LONG_DOUBLE 16
| #define HAVE_LONG_DOUBLE 1
| #define HAVE_AS_CFI_PSEUDO_OP 1
| /* end confdefs.h.  */
| 
| int
| main (void)
| {
| 
| #ifdef __clang__
| # if __has_feature(ptrauth_calls)
| #  define HAVE_PTRAUTH 1
| # endif
| #endif
| 
| #ifndef HAVE_PTRAUTH
| # error Pointer authentication not supported
| #endif
| 
|   ;
|   return 0;
| }
configure:19265: result: no
configure:19291: checking for _ prefix in compiled symbols
configure:19302: /home/runner/work/PyJASM/PyJASM/emsdk/upstream/emscripten/emcc -c -Wall -O2 -fPIC -DWASM_BIGINT -fexceptions  conftest.c >&5
conftest.c:2:12: warning: expression result unused [-Wunused-value]
    2 | int main(){nm_test_func;return 0;}
      |            ^~~~~~~~~~~~
1 warning generated.
configure:19305: $? = 0
configure:19309: /home/runner/work/PyJASM/PyJASM/emsdk/upstream/bin/llvm-nm conftest.o \| /usr/bin/sed -n -e 's/^.*[	 ]\([ABCDGIRSTW][ABCDGIRSTW]*\)[	 ][	 ]*\([_A-Za-z][_A-Za-z0-9]*\)$/\1 \2 \2/p' | /usr/bin/sed '/ __gnu_lto/d' \> conftest.nm
configure:19312: $? = 0
configure:19334: result: no
configure:19410: checking whether C compiler accepts -fno-lto
configure:19430: /home/runner/work/PyJASM/PyJASM/emsdk/upstream/emscripten/emcc -c -Wall -O2 -fPIC -DWASM_BIGINT -fexceptions  -fno-lto  conftest.c >&5
configure:19430: $? = 0
configure:19439: result: yes
configure:19449: checking whether .eh_frame section should be read-only
configure:19466: result: yes
configure:19481: checking for __attribute__((visibility("hidden")))
configure:19491: /home/runner/work/PyJASM/PyJASM/emsdk/upstream/emscripten/emcc -Werror -S conftest.c -o conftest.s 1>&5
configure:19494: $? = 0
configure:19503: result: yes
configure:19981: versioning on shared library symbols is no
configure:20094: checking that generated files are newer than configure
configure:20100: result: done
configure:20168: creating ./config.status

## ---------------------- ##
## Running config.status. ##
## ---------------------- ##

This file was extended by libffi config.status 3.4.6, which was
generated by GNU Autoconf 2.71.  Invocation command line was

  CONFIG_FILES    = 
  CONFIG_HEADERS  = 
  CONFIG_LINKS    = 
  CONFIG_COMMANDS = 
  $ ./config.status 

on fv-az2241-868

config.status:1217: creating include/Makefile
config.status:1217: creating include/ffi.h
config.status:1217: creating Makefile
config.status:1217: creating testsuite/Makefile
config.status:1217: creating man/Makefile
config.status:1217: creating doc/Makefile
config.status:1217: creating libffi.pc
config.status:1217: creating fficonfig.h
config.status:1446: executing buildir commands
config.status:1459: skipping top_srcdir/Makefile - not created
config.status:1446: executing depfiles commands
config.status:1446: executing libtool commands
config.status:1446: executing include commands
config.status:1446: executing src commands

## ---------------- ##
## Cache variables. ##
## ---------------- ##

ac_cv_build=x86_64-pc-linux-gnu
ac_cv_c_bigendian=no
ac_cv_c_compiler_gnu=yes
ac_cv_cflags_warn_all=-Wall
ac_cv_cxx_compiler_gnu=yes
ac_cv_env_CCASFLAGS_set=
ac_cv_env_CCASFLAGS_value=
ac_cv_env_CCAS_set=
ac_cv_env_CCAS_value=
ac_cv_env_CPPFLAGS_set=
ac_cv_env_CPPFLAGS_value=
ac_cv_env_CXXCPP_set=
ac_cv_env_CXXCPP_value=
ac_cv_env_LT_SYS_LIBRARY_PATH_set=
ac_cv_env_LT_SYS_LIBRARY_PATH_value=
ac_cv_env_build_alias_set=
ac_cv_env_build_alias_value=
ac_cv_env_host_alias_set=set
ac_cv_env_host_alias_value=wasm32-unknown-linux
ac_cv_env_target_alias_set=
ac_cv_env_target_alias_value=
ac_cv_func_memcpy=yes
ac_cv_func_memfd_create=no
ac_cv_header_alloca_h=yes
ac_cv_header_dlfcn_h=yes
ac_cv_header_inttypes_h=yes
ac_cv_header_stdint_h=yes
ac_cv_header_stdio_h=yes
ac_cv_header_stdlib_h=yes
ac_cv_header_string_h=yes
ac_cv_header_strings_h=yes
ac_cv_header_sys_memfd_h=no
ac_cv_header_sys_stat_h=yes
ac_cv_header_sys_types_h=yes
ac_cv_header_unistd_h=yes
ac_cv_host=wasm32-unknown-linux-gnu
ac_cv_objext=o
ac_cv_path_EGREP='/usr/bin/grep -E'
ac_cv_path_FGREP='/usr/bin/grep -F'
ac_cv_path_GREP=/usr/bin/grep
ac_cv_path_SED=/usr/bin/sed
ac_cv_path_ax_enable_builddir_sed=sed
ac_cv_path_install='/usr/bin/install -c'
ac_cv_path_lt_DD=/usr/bin/dd
ac_cv_path_mkdir=/usr/bin/mkdir
ac_cv_prog_AR=/home/runner/work/PyJASM/PyJASM/emsdk/upstream/emscripten/emar
ac_cv_prog_AWK=gawk
ac_cv_prog_CC=/home/runner/work/PyJASM/PyJASM/emsdk/upstream/emscripten/emcc
ac_cv_prog_CXXCPP='/home/runner/work/PyJASM/PyJASM/emsdk/upstream/emscripten/em++ -E'
ac_cv_prog_RANLIB=/home/runner/work/PyJASM/PyJASM/emsdk/upstream/emscripten/emranlib
ac_cv_prog_STRIP=strip
ac_cv_prog_ac_ct_FILECMD=file
ac_cv_prog_ac_ct_MANIFEST_TOOL=mt
ac_cv_prog_ac_ct_OBJDUMP=objdump
ac_cv_prog_ac_ct_READELF=readelf
ac_cv_prog_ac_ct_STRIP=strip
ac_cv_prog_cc_c11=
ac_cv_prog_cc_g=yes
ac_cv_prog_cc_stdc=
ac_cv_prog_cxx_cxx11=
ac_cv_prog_cxx_g=yes
ac_cv_prog_cxx_stdcxx=
ac_cv_prog_make_make_set=yes
ac_cv_sizeof_double=8
ac_cv_sizeof_long_double=16
ac_cv_sizeof_size_t=4
ac_cv_target=wasm32-unknown-linux-gnu
am_cv_CCAS_dependencies_compiler_type=none
am_cv_CC_dependencies_compiler_type=none
am_cv_CXX_dependencies_compiler_type=none
am_cv_make_support_nested_variables=yes
am_cv_prog_cc_c_o=yes
ax_cv_c_compiler_vendor=clang
ax_cv_check_cflags___fno_lto=yes
gcc_cv_as_cfi_pseudo_op=yes
libffi_cv_as_ptrauth=no
libffi_cv_hidden_visibility_attribute=yes
libffi_cv_no_lto=-fno-lto
libffi_cv_ro_eh_frame=yes
lt_cv_ar_at_file=@
lt_cv_deplibs_check_method=pass_all
lt_cv_file_magic_cmd='$MAGIC_CMD'
lt_cv_file_magic_test_file=
lt_cv_ld_reload_flag=-r
lt_cv_nm_interface='BSD nm'
lt_cv_objdir=.libs
lt_cv_path_LD=/home/runner/work/PyJASM/PyJASM/emsdk/upstream/emscripten/emcc
lt_cv_path_LDCXX=/home/runner/work/PyJASM/PyJASM/emsdk/upstream/emscripten/emcc
lt_cv_path_NM=/home/runner/work/PyJASM/PyJASM/emsdk/upstream/bin/llvm-nm
lt_cv_path_mainfest_tool=no
lt_cv_prog_compiler_c_o=yes
lt_cv_prog_compiler_c_o_CXX=yes
lt_cv_prog_compiler_pic='-fPIC -DPIC'
lt_cv_prog_compiler_pic_CXX='-fPIC -DPIC'
lt_cv_prog_compiler_pic_works=yes
lt_cv_prog_compiler_pic_works_CXX=yes
lt_cv_prog_compiler_rtti_exceptions=yes
lt_cv_prog_compiler_static_works=yes
lt_cv_prog_compiler_static_works_CXX=yes
lt_cv_prog_gnu_ld=yes
lt_cv_prog_gnu_ldcxx=yes
lt_cv_sharedlib_from_linklib_cmd='printf %s\n'
lt_cv_shlibpath_overrides_runpath=no
lt_cv_sys_global_symbol_pipe='/usr/bin/sed -n -e '\''s/^.*[	 ]\([ABCDGIRSTW][ABCDGIRSTW]*\)[	 ][	 ]*\([_A-Za-z][_A-Za-z0-9]*\)$/\1 \2 \2/p'\'' | /usr/bin/sed '\''/ __gnu_lto/d'\'''
lt_cv_sys_global_symbol_to_c_name_address='/usr/bin/sed -n -e '\''s/^: \(.*\) .*$/  {"\1", (void *) 0},/p'\'' -e '\''s/^[ABCDGIRSTW][ABCDGIRSTW]* .* \(.*\)$/  {"\1", (void *) \&\1},/p'\'''
lt_cv_sys_global_symbol_to_c_name_address_lib_prefix='/usr/bin/sed -n -e '\''s/^: \(.*\) .*$/  {"\1", (void *) 0},/p'\'' -e '\''s/^[ABCDGIRSTW][ABCDGIRSTW]* .* \(lib.*\)$/  {"\1", (void *) \&\1},/p'\'' -e '\''s/^[ABCDGIRSTW][ABCDGIRSTW]* .* \(.*\)$/  {"lib\1", (void *) \&\1},/p'\'''
lt_cv_sys_global_symbol_to_cdecl='/usr/bin/sed -n -e '\''s/^T .* \(.*\)$/extern int \1();/p'\'' -e '\''s/^[ABCDGIRSTW][ABCDGIRSTW]* .* \(.*\)$/extern char \1;/p'\'''
lt_cv_sys_global_symbol_to_import=
lt_cv_sys_max_cmd_len=3145728
lt_cv_sys_symbol_underscore=no
lt_cv_to_host_file_cmd=func_convert_file_noop
lt_cv_to_tool_file_cmd=func_convert_file_noop
lt_cv_truncate_bin='/usr/bin/dd bs=4096 count=1'

## ----------------- ##
## Output variables. ##
## ----------------- ##

ACLOCAL='${SHELL} '\''/home/runner/work/PyJASM/PyJASM/cpython/cross-build/wasm32-emscripten/build/libffi-3.4.6/missing'\'' aclocal-1.16'
AMDEPBACKSLASH=''
AMDEP_FALSE=''
AMDEP_TRUE='#'
AMTAR='$${TAR-tar}'
AM_BACKSLASH='\'
AM_DEFAULT_V='$(AM_DEFAULT_VERBOSITY)'
AM_DEFAULT_VERBOSITY='1'
AM_LTLDFLAGS=''
AM_RUNTESTFLAGS=''
AM_V='$(V)'
AR='/home/runner/work/PyJASM/PyJASM/emsdk/upstream/emscripten/emar'
AUTOCONF='${SHELL} '\''/home/runner/work/PyJASM/PyJASM/cpython/cross-build/wasm32-emscripten/build/libffi-3.4.6/missing'\'' autoconf'
AUTOHEADER='${SHELL} '\''/home/runner/work/PyJASM/PyJASM/cpython/cross-build/wasm32-emscripten/build/libffi-3.4.6/missing'\'' autoheader'
AUTOMAKE='${SHELL} '\''/home/runner/work/PyJASM/PyJASM/cpython/cross-build/wasm32-emscripten/build/libffi-3.4.6/missing'\'' automake-1.16'
AWK='gawk'
BUILD_DOCS_FALSE=''
BUILD_DOCS_TRUE='#'
CC='/home/runner/work/PyJASM/PyJASM/emsdk/upstream/emscripten/emcc'
CCAS='/home/runner/work/PyJASM/PyJASM/emsdk/upstream/emscripten/emcc'
CCASDEPMODE='depmode=none'
CCASFLAGS='-O2 -fPIC -DWASM_BIGINT'
CCDEPMODE='depmode=none'
CFLAGS='-Wall -O2 -fPIC -DWASM_BIGINT -fexceptions'
CPPFLAGS=''
CSCOPE='cscope'
CTAGS='ctags'
CXX='/home/runner/work/PyJASM/PyJASM/emsdk/upstream/emscripten/em++'
CXXCPP='/home/runner/work/PyJASM/PyJASM/emsdk/upstream/emscripten/em++ -E'
CXXDEPMODE='depmode=none'
CXXFLAGS='-O2 -fPIC -DWASM_BIGINT'
CYGPATH_W='echo'
DEFS='-DHAVE_CONFIG_H'
DEPDIR='.deps'
DLLTOOL='false'
DSYMUTIL=''
DUMPBIN=''
ECHO_C=''
ECHO_N='-n'
ECHO_T=''
EGREP='/usr/bin/grep -E'
ETAGS='etags'
EXEEXT=''
FFI_DEBUG_FALSE=''
FFI_DEBUG_TRUE='#'
FFI_EXEC_TRAMPOLINE_TABLE='0'
FFI_EXEC_TRAMPOLINE_TABLE_FALSE=''
FFI_EXEC_TRAMPOLINE_TABLE_TRUE='#'
FGREP='/usr/bin/grep -F'
FILECMD='file'
GREP='/usr/bin/grep'
HAVE_LONG_DOUBLE='1'
HAVE_LONG_DOUBLE_VARIANT='0'
INSTALL_DATA='${INSTALL} -m 644'
INSTALL_PROGRAM='${INSTALL}'
INSTALL_SCRIPT='${INSTALL}'
INSTALL_STRIP_PROGRAM='$(install_sh) -c -s'
LD='/home/runner/work/PyJASM/PyJASM/emsdk/upstream/emscripten/emcc'
LDFLAGS=''
LIBFFI_BUILD_VERSIONED_SHLIB_FALSE=''
LIBFFI_BUILD_VERSIONED_SHLIB_GNU_FALSE=''
LIBFFI_BUILD_VERSIONED_SHLIB_GNU_TRUE='#'
LIBFFI_BUILD_VERSIONED_SHLIB_SUN_FALSE=''
LIBFFI_BUILD_VERSIONED_SHLIB_SUN_TRUE='#'
LIBFFI_BUILD_VERSIONED_SHLIB_TRUE='#'
LIBOBJS=''
LIBS=''
LIBTOOL='$(SHELL) $(top_builddir)/libtool'
LIPO=''
LN_S='ln -s'
LTLIBOBJS=''
LT_SYS_LIBRARY_PATH=''
MAINT='#'
MAINTAINER_MODE_FALSE=''
MAINTAINER_MODE_TRUE='#'
MAKEINFO='${SHELL} '\''/home/runner/work/PyJASM/PyJASM/cpython/cross-build/wasm32-emscripten/build/libffi-3.4.6/missing'\'' makeinfo'
MANIFEST_TOOL=':'
MKDIR_P='/usr/bin/mkdir -p'
NM='/home/runner/work/PyJASM/PyJASM/emsdk/upstream/bin/llvm-nm'
NMEDIT=''
OBJDUMP='objdump'
OBJEXT='o'
OPT_LDFLAGS='-Wl,-O1 '
OTOOL64=''
OTOOL=''
PACKAGE='libffi'
PACKAGE_BUGREPORT='http://github.com/libffi/libffi/issues'
PACKAGE_NAME='libffi'
PACKAGE_STRING='libffi 3.4.6'
PACKAGE_TARNAME='libffi'
PACKAGE_URL=''
PACKAGE_VERSION='3.4.6'
PATH_SEPARATOR=':'
PRTDIAG=''
RANLIB='/home/runner/work/PyJASM/PyJASM/emsdk/upstream/emscripten/emranlib'
READELF='readelf'
SECTION_LDFLAGS=''
SED='/usr/bin/sed'
SET_MAKE=''
SHELL='/bin/bash'
STRIP='strip'
TARGET='wasm32'
TARGETDIR='wasm32'
TARGET_OBJ=' src/wasm32/ffi.lo'
TESTSUBDIR_FALSE='#'
TESTSUBDIR_TRUE=''
VERSION='3.4.6'
ac_ct_AR=''
ac_ct_CC=''
ac_ct_CXX=''
ac_ct_DUMPBIN=''
am__EXEEXT_FALSE=''
am__EXEEXT_TRUE='#'
am__fastdepCCAS_FALSE=''
am__fastdepCCAS_TRUE='#'
am__fastdepCC_FALSE=''
am__fastdepCC_TRUE='#'
am__fastdepCXX_FALSE=''
am__fastdepCXX_TRUE='#'
am__include='include'
am__isrc=''
am__leading_dot='.'
am__nodep=''
am__quote=''
am__tar='$${TAR-tar} chof - "$$tardir"'
am__untar='$${TAR-tar} xf -'
ax_enable_builddir_sed='sed'
bindir='${exec_prefix}/bin'
build='x86_64-pc-linux-gnu'
build_alias=''
build_cpu='x86_64'
build_os='linux-gnu'
build_vendor='pc'
datadir='${datarootdir}'
datarootdir='${prefix}/share'
docdir='${datarootdir}/doc/${PACKAGE_TARNAME}'
dvidir='${docdir}'
exec_prefix='${prefix}'
host='wasm32-unknown-linux-gnu'
host_alias='wasm32-unknown-linux'
host_cpu='wasm32'
host_os='linux-gnu'
host_vendor='unknown'
htmldir='${docdir}'
includedir='${prefix}/include'
infodir='${datarootdir}/info'
install_sh='${SHELL} /home/runner/work/PyJASM/PyJASM/cpython/cross-build/wasm32-emscripten/build/libffi-3.4.6/install-sh'
libdir='${exec_prefix}/lib'
libexecdir='${exec_prefix}/libexec'
localedir='${datarootdir}/locale'
localstatedir='${prefix}/var'
mandir='${datarootdir}/man'
mkdir_p='$(MKDIR_P)'
oldincludedir='/usr/include'
pdfdir='${docdir}'
prefix='/home/runner/work/PyJASM/PyJASM/cpython/cross-build/wasm32-emscripten/prefix'
program_transform_name='s,x,x,'
psdir='${docdir}'
runstatedir='${localstatedir}/run'
sbindir='${exec_prefix}/sbin'
sharedstatedir='${prefix}/com'
sys_symbol_underscore='no'
sysconfdir='${prefix}/etc'
target='wasm32-unknown-linux-gnu'
target_alias='wasm32-unknown-linux'
target_cpu='wasm32'
target_os='linux-gnu'
target_vendor='unknown'
tmake_file=''
toolexecdir='${libdir}/gcc-lib/$(target_alias)'
toolexeclibdir='${libdir}'

## ----------- ##
## confdefs.h. ##
## ----------- ##

/* confdefs.h */
#define PACKAGE_NAME "libffi"
#define PACKAGE_TARNAME "libffi"
#define PACKAGE_VERSION "3.4.6"
#define PACKAGE_STRING "libffi 3.4.6"
#define PACKAGE_BUGREPORT "http://github.com/libffi/libffi/issues"
#define PACKAGE_URL ""
#define PACKAGE "libffi"
#define VERSION "3.4.6"
#define HAVE_STDIO_H 1
#define HAVE_STDLIB_H 1
#define HAVE_STRING_H 1
#define HAVE_INTTYPES_H 1
#define HAVE_STDINT_H 1
#define HAVE_STRINGS_H 1
#define HAVE_SYS_STAT_H 1
#define HAVE_SYS_TYPES_H 1
#define HAVE_UNISTD_H 1
#define STDC_HEADERS 1
#define HAVE_DLFCN_H 1
#define LT_OBJDIR ".libs/"
#define SIZEOF_SIZE_T 4
#define HAVE_MEMCPY 1
#define HAVE_ALLOCA_H 1
#define SIZEOF_DOUBLE 8
#define SIZEOF_LONG_DOUBLE 16
#define HAVE_LONG_DOUBLE 1
#define HAVE_AS_CFI_PSEUDO_OP 1
#define HAVE_RO_EH_FRAME 1
#define EH_FRAME_FLAGS "a"
#define HAVE_HIDDEN_VISIBILITY_ATTRIBUTE 1
#define FFI_NO_RAW_API 1

configure: exit 0
